<?xml version="1.0" encoding="UTF-8"?>
<!-- Generated by org.testng.reporters.JUnitReportReporter -->
<testsuite hostname="LAPTOP-OHTLGOEI" failures="0" tests="1" name="testNG.Crossbrowser" time="21.196" errors="0" timestamp="2020-03-16T08:56:13 IST" skipped="0">
  <testcase classname="testNG.Crossbrowser" name="write" time="21.196"/>
</testsuite> <!-- testNG.Crossbrowser -->
