<?xml version="1.0" encoding="UTF-8"?>
<!-- Generated by org.testng.reporters.JUnitReportReporter -->
<testsuite hostname="LAPTOP-OHTLGOEI" failures="0" tests="3" name="testNG.RunParallel" time="32.123" errors="0" timestamp="2020-03-14T11:05:03 IST" skipped="0">
  <testcase classname="testNG.RunParallel" name="executSessionOne" time="10.547"/>
  <testcase classname="testNG.RunParallel" name="executSessionThree" time="10.772"/>
  <testcase classname="testNG.RunParallel" name="executeSessionTwo" time="10.804"/>
</testsuite> <!-- testNG.RunParallel -->
